<?xml version="1.0" encoding="UTF-8"?>
<!-- Generated by org.testng.reporters.JUnitReportReporter -->
<testsuite hostname="DESKTOP-TCBCG20" failures="0" tests="1" name="NewTest1" time="0.012" errors="0" timestamp="2021-08-29T10:37:37 IST" skipped="0">
  <testcase classname="NewTest1" name="f" time="0.012"/>
  <system-out/>
</testsuite> <!-- NewTest1 -->
